  item_floor.cpp
c:\users\adm\source\repos\experiment_a\timer.h(22): warning C4244: '-=': 'time_t' から 'int' への変換です。データが失われる可能性があります。
  main.cpp
c:\users\adm\source\repos\experiment_a\timer.h(22): warning C4244: '-=': 'time_t' から 'int' への変換です。データが失われる可能性があります。
  player.cpp
c:\users\adm\source\repos\experiment_a\timer.h(22): warning C4244: '-=': 'time_t' から 'int' への変換です。データが失われる可能性があります。
  field.cpp
c:\users\adm\source\repos\experiment_a\timer.h(22): warning C4244: '-=': 'time_t' から 'int' への変換です。データが失われる可能性があります。
  quiz.cpp
c:\users\adm\source\repos\experiment_a\common.h(79): error C2061: 構文エラー: 識別子 'Quiz'
c:\users\adm\source\repos\experiment_a\common.h(57): error C2065: 'Quiz': 定義されていない識別子です。
c:\users\adm\source\repos\experiment_a\common.h(57): error C2059: 構文エラー: ')'
c:\users\adm\source\repos\experiment_a\timer.h(22): warning C4244: '-=': 'time_t' から 'int' への変換です。データが失われる可能性があります。
  quiz_floor.cpp
c:\users\adm\source\repos\experiment_a\timer.h(22): warning C4244: '-=': 'time_t' から 'int' への変換です。データが失われる可能性があります。
quiz_floor.cpp(42): warning C4244: '初期化中': 'float' から 'int' への変換です。データが失われる可能性があります。
quiz_floor.cpp(43): warning C4800: 'int': ブール値を 'true' または 'false' に強制的に設定します (警告の処理)
  quiz_maker.cpp
c:\users\adm\source\repos\experiment_a\common.h(79): error C2061: 構文エラー: 識別子 'Quiz'
c:\users\adm\source\repos\experiment_a\common.h(57): error C2065: 'Quiz': 定義されていない識別子です。
c:\users\adm\source\repos\experiment_a\common.h(57): error C2059: 構文エラー: ')'
c:\users\adm\source\repos\experiment_a\timer.h(22): warning C4244: '-=': 'time_t' から 'int' への変換です。データが失われる可能性があります。
  typing.cpp
c:\users\adm\source\repos\experiment_a\timer.h(22): warning C4244: '-=': 'time_t' から 'int' への変換です。データが失われる可能性があります。
